<?xml version="1.0" encoding="UTF-8"?>
<!-- Generated by org.testng.reporters.JUnitReportReporter -->
<testsuite hostname="DESKTOP-FTJOHH2" failures="0" tests="1" name="qaclickacademy.AppiumTest" time="0.058" errors="0" timestamp="2021-06-23T12:02:00 IST" skipped="0">
  <testcase classname="qaclickacademy.AppiumTest" name="deleteTwitter" time="0.058"/>
  <system-out/>
</testsuite> <!-- qaclickacademy.AppiumTest -->
