<?xml version="1.0" encoding="UTF-8"?>
<!-- Generated by org.testng.reporters.JUnitReportReporter -->
<testsuite hostname="DESKTOP-FTJOHH2" name="qaclickacademy.AppiumTest" tests="2" failures="0" timestamp="23 Jun 2021 10:37:07 GMT" time="0.026" errors="0">
  <testcase name="deleteTwitter" time="0.000" classname="qaclickacademy.AppiumTest"/>
  <testcase name="NativeAppAndroid" time="0.026" classname="qaclickacademy.AppiumTest"/>
</testsuite> <!-- qaclickacademy.AppiumTest -->
