<?xml version="1.0" encoding="UTF-8"?>
<!-- Generated by org.testng.reporters.JUnitReportReporter -->
<testsuite hostname="DESKTOP-FTJOHH2" name="qaclickacademy.RESTAPITest" tests="1" failures="0" timestamp="23 Jun 2021 10:36:24 GMT" time="0.000" errors="0">
  <testcase name="postJira" time="0.000" classname="qaclickacademy.RESTAPITest"/>
</testsuite> <!-- qaclickacademy.RESTAPITest -->
